<?xml version="1.0" encoding="UTF-8"?>
<testsuite xmlns:xsi="http://www.w3.org/2001/XMLSchema-instance" xsi:noNamespaceSchemaLocation="https://maven.apache.org/surefire/maven-surefire-plugin/xsd/surefire-test-report-3.0.xsd" version="3.0" name="org.testrunner.TestRunner" time="10.59" tests="2" errors="0" skipped="0" failures="1">
  <properties>
[...]
</properties>
  <testcase name="Verify using the valid credential" classname="Verify the adactin hotel login page" time="6.481">
    <system-out><![CDATA[
Scenario: Verify using the valid credential     # FeatureFile/adactin.feature:3
  Given User enters to the Adactin hotel page   # org.stepdefinition.StepDefinition.user_enters_to_the_adactin_hotel_page()
  When User enter "Rakeshg6199" and "Rakesh123" # org.stepdefinition.StepDefinition.user_enter_and(java.lang.String,java.lang.String)
  And User clicks the login button              # org.stepdefinition.StepDefinition.user_clicks_the_login_button()
  Then User shoud see the "Search Hotel" text   # org.stepdefinition.StepDefinition.user_shoud_see_the_text(java.lang.String)
]]></system-out>
    <system-err><![CDATA[SLF4J: Failed to load class "org.slf4j.impl.StaticLoggerBinder".
SLF4J: Defaulting to no-operation (NOP) logger implementation
SLF4J: See http://www.slf4j.org/codes.html#StaticLoggerBinder for further details.
Starting ChromeDriver 111.0.5563.64 (c710e93d5b63b7095afe8c2c17df34408078439d-refs/branch-heads/5563@{#995}) on port 48337
Only local connections are allowed.
Please see https://chromedriver.chromium.org/security-considerations for suggestions on keeping ChromeDriver safe.
ChromeDriver was started successfully.
[1682763616.882][WARNING]: This version of ChromeDriver has not been tested with Chrome version 112.
Apr 29, 2023 3:50:17 PM org.openqa.selenium.devtools.CdpVersionFinder findNearestMatch
WARNING: Unable to find an exact match for CDP version 112, so returning the closest version found: 111
]]></system-err>
  </testcase>
  <testcase name="Search for hotels" classname="Verify the adactin hotel login page" time="1.439">
    <failure type="java.lang.AssertionError"><![CDATA[java.lang.AssertionError
	at org.junit.Assert.fail(Assert.java:87)
	at org.junit.Assert.assertTrue(Assert.java:42)
	at org.junit.Assert.assertTrue(Assert.java:53)
	at org.stepdefinition.StepDefinition.user_should_see_text(StepDefinition.java:115)
	at ✽.User should see "Select Hotel " text(file:///C:/Users/Venkatesh%20L%20R/Downloads/AdactinProject%20(2)/AdactinProject/FeatureFile/adactin.feature:35)
]]></failure>
    <system-out><![CDATA[
Scenario: Search for hotels                     # FeatureFile/adactin.feature:13
  Given User sees "Search Hotel " text          # org.stepdefinition.StepDefinition.user_sees_text(java.lang.String)
  When User selects "Melbourne" location        # org.stepdefinition.StepDefinition.user_selects_location(java.lang.String)
  And User selects "Hotel Sunshine" hotel       # org.stepdefinition.StepDefinition.user_selects_hotel(java.lang.String)
  And User selects "Double" room                # org.stepdefinition.StepDefinition.userselects_room(java.lang.String)
  And User selects "4 - Four" no of rooms       # org.stepdefinition.StepDefinition.user_selects_no_of_rooms(java.lang.String)
  And Users enters "16/04/2023" check in date   # org.stepdefinition.StepDefinition.users_enters_check_in_date(java.lang.String)
  And Users enters "19/04/2023" check out date  # org.stepdefinition.StepDefinition.users_enters_check_out_date(java.lang.String)
  And Users selects "3 - Three" nos of adults   # org.stepdefinition.StepDefinition.users_selects_nos_of_adults(java.lang.String)
  And User Selects "3 - Three" nos of childrens # org.stepdefinition.StepDefinition.user_selects_nos_of_childrens(java.lang.String)
  And User clicks Search button                 # org.stepdefinition.StepDefinition.user_clicks_search_button()
  Then User should see "Select Hotel " text     # org.stepdefinition.StepDefinition.user_should_see_text(java.lang.String)
      java.lang.AssertionError
	at org.junit.Assert.fail(Assert.java:87)
	at org.junit.Assert.assertTrue(Assert.java:42)
	at org.junit.Assert.assertTrue(Assert.java:53)
	at org.stepdefinition.StepDefinition.user_should_see_text(StepDefinition.java:115)
	at âœ½.User should see "Select Hotel " text(file:///C:/Users/Venkatesh%20L%20R/Downloads/AdactinProject%20(2)/AdactinProject/FeatureFile/adactin.feature:35)


    Embedding Search for hotels [image/png 400212 bytes]

]]></system-out>
  </testcase>
</testsuite>